CRITICAL - 2023-07-05 10:49:18 --> Undefined variable $page_title
in APPPATH\Views\login_view.php on line 4.
 1 APPPATH\Views\login_view.php(4): CodeIgniter\Debug\Exceptions->errorHandler(2, 'Undefined variable $page_title', 'C:\\xampp\\htdocs\\BarangayMIS_EstoresFrescoGustiloNoda\\app\\Views\\login_view.php', 4)
 2 SYSTEMPATH\View\View.php(213): include('C:\\xampp\\htdocs\\BarangayMIS_EstoresFrescoGustiloNoda\\app\\Views\\login_view.php')
 3 SYSTEMPATH\View\View.php(216): CodeIgniter\View\View->CodeIgniter\View\{closure}()
 4 SYSTEMPATH\Common.php(1184): CodeIgniter\View\View->render('login_view', [], true)
 5 APPPATH\Controllers\Home.php(9): view('login_view')
 6 SYSTEMPATH\CodeIgniter.php(934): App\Controllers\Home->index()
 7 SYSTEMPATH\CodeIgniter.php(499): CodeIgniter\CodeIgniter->runController(Object(App\Controllers\Home))
 8 SYSTEMPATH\CodeIgniter.php(368): CodeIgniter\CodeIgniter->handleRequest(null, Object(Config\Cache), false)
 9 FCPATH\index.php(67): CodeIgniter\CodeIgniter->run()
10 SYSTEMPATH\Commands\Server\rewrite.php(47): require_once('C:\\xampp\\htdocs\\BarangayMIS_EstoresFrescoGustiloNoda\\public\\index.php')
CRITICAL - 2023-07-05 10:49:38 --> Undefined constant "this"
in APPPATH\Views\login_view.php on line 5.
 1 SYSTEMPATH\View\View.php(213): include()
 2 SYSTEMPATH\View\View.php(216): CodeIgniter\View\View->CodeIgniter\View\{closure}()
 3 SYSTEMPATH\Common.php(1184): CodeIgniter\View\View->render('login_view', [], true)
 4 APPPATH\Controllers\Home.php(9): view('login_view')
 5 SYSTEMPATH\CodeIgniter.php(934): App\Controllers\Home->index()
 6 SYSTEMPATH\CodeIgniter.php(499): CodeIgniter\CodeIgniter->runController(Object(App\Controllers\Home))
 7 SYSTEMPATH\CodeIgniter.php(368): CodeIgniter\CodeIgniter->handleRequest(null, Object(Config\Cache), false)
 8 FCPATH\index.php(67): CodeIgniter\CodeIgniter->run()
 9 SYSTEMPATH\Commands\Server\rewrite.php(47): require_once('C:\\xampp\\htdocs\\BarangayMIS_EstoresFrescoGustiloNoda\\public\\index.php')
CRITICAL - 2023-07-05 11:31:56 --> Invalid file: "layouts/Navigation_Bar.php"
in SYSTEMPATH\Exceptions\FrameworkException.php on line 33.
 1 SYSTEMPATH\View\View.php(201): CodeIgniter\Exceptions\FrameworkException::forInvalidFile('layouts/Navigation_Bar.php')
 2 SYSTEMPATH\View\View.php(431): CodeIgniter\View\View->render('layouts/Navigation_Bar', null, true)
 3 APPPATH\Views\layouts\base.php(8): CodeIgniter\View\View->include('layouts/Navigation_Bar')
 4 SYSTEMPATH\View\View.php(213): include('C:\\xampp\\htdocs\\BarangayMIS_EstoresFrescoGustiloNoda\\app\\Views\\layouts\\base.php')
 5 SYSTEMPATH\View\View.php(216): CodeIgniter\View\View->CodeIgniter\View\{closure}()
 6 SYSTEMPATH\View\View.php(229): CodeIgniter\View\View->render('layouts/base', [], true)
 7 SYSTEMPATH\Common.php(1184): CodeIgniter\View\View->render('dashboard_view', [], true)
 8 APPPATH\Controllers\Dashboard.php(16): view('dashboard_view', [...])
 9 SYSTEMPATH\CodeIgniter.php(934): App\Controllers\Dashboard->dashboard()
10 SYSTEMPATH\CodeIgniter.php(499): CodeIgniter\CodeIgniter->runController(Object(App\Controllers\Dashboard))
11 SYSTEMPATH\CodeIgniter.php(368): CodeIgniter\CodeIgniter->handleRequest(null, Object(Config\Cache), false)
12 FCPATH\index.php(67): CodeIgniter\CodeIgniter->run()
13 SYSTEMPATH\Commands\Server\rewrite.php(47): require_once('C:\\xampp\\htdocs\\BarangayMIS_EstoresFrescoGustiloNoda\\public\\index.php')
